TN:
SF:C:\Users\Lahiru\Desktop\Core_Sample_Solution\src\FrontEnd_Sample\src\polyfills.ts
FNF:0
FNH:0
DA:44,1
DA:45,1
DA:56,1
LF:3
LH:3
BRF:0
BRH:0
end_of_record
TN:
SF:C:\Users\Lahiru\Desktop\Core_Sample_Solution\src\FrontEnd_Sample\src\test.ts
FN:20,(anonymous_0)
FNF:1
FNH:1
FNDA:1,(anonymous_0)
DA:3,1
DA:4,1
DA:5,1
DA:6,1
DA:7,1
DA:8,1
DA:9,1
DA:10,1
DA:20,1
DA:23,1
DA:28,1
DA:30,1
DA:32,1
LF:13
LH:13
BRF:0
BRH:0
end_of_record
TN:
SF:C:\Users\Lahiru\Desktop\Core_Sample_Solution\src\FrontEnd_Sample\src\app\app.component.ts
FN:11,(anonymous_2)
FN:23,AppComponent
FN:27,(anonymous_4)
FN:30,(anonymous_5)
FN:37,(anonymous_6)
FN:46,(anonymous_7)
FN:51,(anonymous_8)
FN:60,(anonymous_9)
FN:65,(anonymous_10)
FN:69,(anonymous_11)
FN:74,(anonymous_12)
FNF:11
FNH:4
FNDA:1,(anonymous_2)
FNDA:3,AppComponent
FNDA:1,(anonymous_4)
FNDA:0,(anonymous_5)
FNDA:0,(anonymous_6)
FNDA:0,(anonymous_7)
FNDA:0,(anonymous_8)
FNDA:0,(anonymous_9)
FNDA:0,(anonymous_10)
FNDA:0,(anonymous_11)
FNDA:1,(anonymous_12)
DA:1,1
DA:2,1
DA:11,1
DA:12,3
DA:13,3
DA:14,3
DA:15,3
DA:17,3
DA:19,3
DA:23,3
DA:27,1
DA:28,1
DA:29,1
DA:30,1
DA:31,0
DA:32,0
DA:33,0
DA:37,1
DA:38,0
DA:44,0
DA:46,0
DA:47,0
DA:51,1
DA:52,0
DA:58,0
DA:60,0
DA:61,0
DA:65,1
DA:67,0
DA:69,0
DA:70,0
DA:74,1
DA:75,1
DA:77,1
LF:34
LH:20
BRDA:23,0,0,1
BRDA:23,0,1,0
BRDA:23,1,0,1
BRF:3
BRH:2
end_of_record
TN:
SF:C:\Users\Lahiru\Desktop\Core_Sample_Solution\src\FrontEnd_Sample\src\app\app.service.ts
FN:6,(anonymous_2)
FN:8,AppService
FN:11,(anonymous_4)
FN:15,(anonymous_5)
FN:19,(anonymous_6)
FN:24,(anonymous_7)
FNF:6
FNH:3
FNDA:1,(anonymous_2)
FNDA:3,AppService
FNDA:1,(anonymous_4)
FNDA:0,(anonymous_5)
FNDA:0,(anonymous_6)
FNDA:0,(anonymous_7)
DA:1,1
DA:2,1
DA:6,1
DA:8,3
DA:11,1
DA:12,1
DA:15,1
DA:16,0
DA:19,1
DA:21,0
DA:24,1
DA:25,0
DA:28,1
LF:13
LH:10
BRDA:8,0,0,1
BRDA:8,0,1,0
BRDA:8,1,0,1
BRF:3
BRH:2
end_of_record
